<?xml version="1.0" encoding="UTF-8"?>
<!-- Generated by org.testng.reporters.JUnitReportReporter -->
<testsuite hostname="DESKTOP-HBAUK9V" failures="0" tests="2" name="com.parallelExecution.Parallel_EdgeExecutionTest" time="10.776" errors="0" timestamp="2021-12-27T21:51:13 IST" skipped="0">
  <testcase classname="com.parallelExecution.Parallel_EdgeExecutionTest" name="EdgeBrowserTest2" time="6.218"/>
  <system-out/>
  <testcase classname="com.parallelExecution.Parallel_EdgeExecutionTest" name="EdgeBrowserTest1" time="4.558"/>
  <system-out/>
</testsuite> <!-- com.parallelExecution.Parallel_EdgeExecutionTest -->
