<?xml version="1.0" encoding="UTF-8"?>
<!-- Generated by org.testng.reporters.JUnitReportReporter -->
<testsuite hostname="DESKTOP-HBAUK9V" failures="0" tests="1" name="com.practiceSelenium.HandlingAuthenticationPopup_UsingChromeDevTools" time="5.458" errors="0" timestamp="2021-12-27T12:39:31 IST" skipped="0">
  <testcase classname="com.practiceSelenium.HandlingAuthenticationPopup_UsingChromeDevTools" name="testValidLogin" time="5.458"/>
  <system-out/>
</testsuite> <!-- com.practiceSelenium.HandlingAuthenticationPopup_UsingChromeDevTools -->
